2023-02-12 00:10:26,234 [worker-1] DEBUG middlewares.dev-middlewares - Request:
 {:remote-addr 0:0:0:0:0:0:0:1, :headers {accept */*, accept-encoding gzip, deflate, br, connection keep-alive, content-length 0, host localhost:3000, postman-token 1793625f-0e05-4dff-8dbe-48988c41b551, user-agent PostmanRuntime/7.30.1}, :async-channel #object[org.httpkit.server.AsyncChannel 0xd1a2105 /[0:0:0:0:0:0:0:1]:3000<->/[0:0:0:0:0:0:0:1]:49410], :server-port 3000, :content-length 0, :websocket? false, :content-type nil, :character-encoding utf8, :uri /, :server-name localhost, :query-string nil, :body nil, :scheme :http, :request-method :post} 
2023-02-12 00:10:26,237 [worker-1] DEBUG middlewares.dev-middlewares - Response:
 {:status 200, :headers {Content-Type text/html}, :body hello HTTP!} 
2023-02-12 11:35:44,606 [worker-1] DEBUG middlewares.dev-middlewares - >>> {:remote-addr "0:0:0:0:0:0:0:1", :headers {"accept" "*/*", "accept-encoding" "gzip, deflate, br", "connection" "keep-alive", "content-length" "0", "host" "localhost:3000", "postman-token" "e56f8bf1-bbeb-4cbe-a0fc-339f796f19f8", "user-agent" "PostmanRuntime/7.30.1"}, :async-channel #object[org.httpkit.server.AsyncChannel 0x4e6a1639 "/[0:0:0:0:0:0:0:1]:3000<->/[0:0:0:0:0:0:0:1]:45114"], :server-port 3000, :content-length 0, :websocket? false, :content-type nil, :character-encoding "utf8", :uri "/", :server-name "localhost", :query-string nil, :body nil, :scheme :http, :request-method :post}
-------
<<< {:status 200, :headers {"Content-Type" "text/html"}, :body "hello HTTP!"} 
2023-02-12 11:49:23,568 [worker-2] DEBUG middlewares.dev-middlewares - >>> {:remote-addr "0:0:0:0:0:0:0:1", :headers {"accept" "*/*", "accept-encoding" "gzip, deflate, br", "connection" "keep-alive", "content-length" "0", "host" "localhost:3000", "postman-token" "49dcd4e6-b80b-442e-942f-86df56bff197", "user-agent" "PostmanRuntime/7.30.1"}, :async-channel #object[org.httpkit.server.AsyncChannel 0x4e6a1639 "/[0:0:0:0:0:0:0:1]:3000<->/[0:0:0:0:0:0:0:1]:45114"], :server-port 3000, :content-length 0, :websocket? false, :content-type nil, :character-encoding "utf8", :uri "/", :server-name "localhost", :query-string nil, :body nil, :scheme :http, :request-method :post}
-------
<<< {:status 200, :headers {"Content-Type" "text/html"}, :body "hello HTTP!"} 
2023-02-12 11:49:43,765 [worker-1] DEBUG middlewares.dev-middlewares - >>> {:remote-addr "0:0:0:0:0:0:0:1", :headers {"accept" "*/*", "accept-encoding" "gzip, deflate, br", "connection" "keep-alive", "content-length" "0", "host" "localhost:3000", "postman-token" "b59cf9f8-4a77-419e-923d-643128dd0111", "user-agent" "PostmanRuntime/7.30.1"}, :async-channel #object[org.httpkit.server.AsyncChannel 0x75fbc1d1 "/[0:0:0:0:0:0:0:1]:3000<->/[0:0:0:0:0:0:0:1]:47584"], :server-port 3000, :content-length 0, :websocket? false, :content-type nil, :character-encoding "utf8", :uri "/", :server-name "localhost", :query-string nil, :body nil, :scheme :http, :request-method :post}
-------
<<< {:status 200, :headers {"Content-Type" "text/html"}, :body "hello HTTP!"} 
2023-02-12 11:52:28,040 [worker-1] DEBUG middlewares.dev-middlewares - >>> {:remote-addr "0:0:0:0:0:0:0:1", :headers {"accept" "*/*", "accept-encoding" "gzip, deflate, br", "connection" "keep-alive", "content-length" "0", "host" "localhost:3000", "postman-token" "650cf56a-6da1-47ad-8af9-48a33adbd70b", "user-agent" "PostmanRuntime/7.30.1"}, :async-channel #object[org.httpkit.server.AsyncChannel 0x710ba2ac "/[0:0:0:0:0:0:0:1]:3000<->/[0:0:0:0:0:0:0:1]:56630"], :server-port 3000, :content-length 0, :websocket? false, :content-type nil, :character-encoding "utf8", :uri "/", :server-name "localhost", :query-string nil, :body nil, :scheme :http, :request-method :post}
-------
<<< {:status 200, :headers {"Content-Type" "text/html"}, :body "hello HTTP!"} 
2023-02-12 11:53:23,964 [worker-2] DEBUG middlewares.dev-middlewares - >>> {:remote-addr "0:0:0:0:0:0:0:1", :headers {"accept" "*/*", "accept-encoding" "gzip, deflate, br", "connection" "keep-alive", "content-length" "0", "host" "localhost:3000", "postman-token" "3a6fbbe0-e025-4ca4-8257-6f883ebc08e3", "user-agent" "PostmanRuntime/7.30.1"}, :async-channel #object[org.httpkit.server.AsyncChannel 0x710ba2ac "/[0:0:0:0:0:0:0:1]:3000<->/[0:0:0:0:0:0:0:1]:56630"], :server-port 3000, :content-length 0, :websocket? false, :content-type nil, :character-encoding "utf8", :uri "/", :server-name "localhost", :query-string nil, :body nil, :scheme :http, :request-method :post}
-------
<<< {:status 200, :headers {"Content-Type" "text/html"}, :body "hello HTTP!"} 
2023-02-12 11:58:39,211 [worker-3] DEBUG middlewares.dev-middlewares - >>> {:remote-addr "0:0:0:0:0:0:0:1", :headers {"accept" "*/*", "accept-encoding" "gzip, deflate, br", "connection" "keep-alive", "content-length" "13", "content-type" "application/json", "host" "localhost:3000", "postman-token" "3ce4e95e-2abe-4614-8369-83af10bdcbea", "user-agent" "PostmanRuntime/7.30.1"}, :async-channel #object[org.httpkit.server.AsyncChannel 0x710ba2ac "/[0:0:0:0:0:0:0:1]:3000<->/[0:0:0:0:0:0:0:1]:56630"], :server-port 3000, :content-length 13, :websocket? false, :content-type "application/json", :character-encoding "utf8", :uri "/", :server-name "localhost", :query-string nil, :body #object[org.httpkit.BytesInputStream 0x2ba8b4ee "BytesInputStream[len=13]"], :scheme :http, :request-method :get}
-------
<<< {:status 200, :headers {"Content-Type" "text/html"}, :body "hello HTTP!"} 
2023-02-12 12:06:11,490 [worker-4] DEBUG middlewares.dev-middlewares - >>> {:remote-addr "0:0:0:0:0:0:0:1", :headers {"accept" "*/*", "accept-encoding" "gzip, deflate, br", "connection" "keep-alive", "content-length" "13", "content-type" "application/json", "host" "localhost:3000", "postman-token" "bc17036a-0f46-4923-a461-d72af3126945", "user-agent" "PostmanRuntime/7.30.1"}, :async-channel #object[org.httpkit.server.AsyncChannel 0x710ba2ac "/[0:0:0:0:0:0:0:1]:3000<->/[0:0:0:0:0:0:0:1]:56630"], :server-port 3000, :content-length 13, :websocket? false, :content-type "application/json", :character-encoding "utf8", :uri "/", :server-name "localhost", :query-string nil, :body #object[org.httpkit.BytesInputStream 0x534c9dcc "BytesInputStream[len=13]"], :scheme :http, :request-method :get}
-------
<<< {:status 200, :headers {"Content-Type" "text/html"}, :body "hello HTTP!"} 
2023-02-12 12:06:34,376 [worker-1] DEBUG middlewares.dev-middlewares - Body: 
2023-02-12 12:06:34,377 [worker-1] DEBUG middlewares.dev-middlewares - 
>>> {:remote-addr "0:0:0:0:0:0:0:1", :headers {"accept" "*/*", "accept-encoding" "gzip, deflate, br", "connection" "keep-alive", "content-length" "13", "content-type" "application/json", "host" "localhost:3000", "postman-token" "aee748a7-8951-4371-af5d-a024efb95f43", "user-agent" "PostmanRuntime/7.30.1"}, :async-channel #object[org.httpkit.server.AsyncChannel 0x714912a0 "/[0:0:0:0:0:0:0:1]:3000<->/[0:0:0:0:0:0:0:1]:53420"], :server-port 3000, :content-length 13, :websocket? false, :content-type "application/json", :character-encoding "utf8", :uri "/", :server-name "localhost", :query-string nil, :body #object[org.httpkit.BytesInputStream 0x7f8ef2f9 "BytesInputStream[len=13]"], :scheme :http, :request-method :get}
-------
<<< {:status 200, :headers {"Content-Type" "text/html"}, :body "hello HTTP!"} 
2023-02-12 12:09:27,800 [worker-1] DEBUG middlewares.dev-middlewares - Body: 
2023-02-12 12:09:27,801 [worker-1] DEBUG middlewares.dev-middlewares - 
>>> {:remote-addr "0:0:0:0:0:0:0:1", :headers {"accept" "*/*", "accept-encoding" "gzip, deflate, br", "connection" "keep-alive", "content-length" "13", "content-type" "application/json", "host" "localhost:3000", "postman-token" "d5327b8b-115c-47ce-9a16-cd98190a6008", "user-agent" "PostmanRuntime/7.30.1"}, :async-channel #object[org.httpkit.server.AsyncChannel 0x5ecd65ee "/[0:0:0:0:0:0:0:1]:3000<->/[0:0:0:0:0:0:0:1]:43370"], :server-port 3000, :content-length 13, :websocket? false, :content-type "application/json", :character-encoding "utf8", :uri "/", :server-name "localhost", :query-string nil, :body #object[org.httpkit.BytesInputStream 0x5af2eaef "BytesInputStream[len=13]"], :scheme :http, :request-method :get}
-------
<<< {:status 200, :headers {"Content-Type" "text/html"}, :body "hello HTTP!"} 
2023-02-12 12:11:02,205 [worker-1] DEBUG middlewares.dev-middlewares - Body: [B@25bfa8c4 
2023-02-12 12:11:02,206 [worker-1] DEBUG middlewares.dev-middlewares - 
>>> {:remote-addr "0:0:0:0:0:0:0:1", :headers {"accept" "*/*", "accept-encoding" "gzip, deflate, br", "connection" "keep-alive", "content-length" "13", "content-type" "application/json", "host" "localhost:3000", "postman-token" "798218b9-9f95-4629-801e-d0349293c4da", "user-agent" "PostmanRuntime/7.30.1"}, :async-channel #object[org.httpkit.server.AsyncChannel 0x2b784203 "/[0:0:0:0:0:0:0:1]:3000<->/[0:0:0:0:0:0:0:1]:39962"], :server-port 3000, :content-length 13, :websocket? false, :content-type "application/json", :character-encoding "utf8", :uri "/", :server-name "localhost", :query-string nil, :body #object[org.httpkit.BytesInputStream 0x2f47c3b4 "BytesInputStream[len=13]"], :scheme :http, :request-method :get}
-------
<<< {:status 200, :headers {"Content-Type" "text/html"}, :body "hello HTTP!"} 
2023-02-12 12:13:12,884 [worker-1] DEBUG middlewares.dev-middlewares - Body: 123341041011081081113432583249125 
2023-02-12 12:13:12,885 [worker-1] DEBUG middlewares.dev-middlewares - 
>>> {:remote-addr "0:0:0:0:0:0:0:1", :headers {"accept" "*/*", "accept-encoding" "gzip, deflate, br", "connection" "keep-alive", "content-length" "13", "content-type" "application/json", "host" "localhost:3000", "postman-token" "640f54de-9964-4e42-9e2a-052b60230118", "user-agent" "PostmanRuntime/7.30.1"}, :async-channel #object[org.httpkit.server.AsyncChannel 0x45faeacd "/[0:0:0:0:0:0:0:1]:3000<->/[0:0:0:0:0:0:0:1]:45740"], :server-port 3000, :content-length 13, :websocket? false, :content-type "application/json", :character-encoding "utf8", :uri "/", :server-name "localhost", :query-string nil, :body #object[org.httpkit.BytesInputStream 0x4b3d1c02 "BytesInputStream[len=13]"], :scheme :http, :request-method :get}
-------
<<< {:status 200, :headers {"Content-Type" "text/html"}, :body "hello HTTP!"} 
2023-02-12 12:17:20,732 [worker-1] DEBUG middlewares.dev-middlewares - Body: {"hello" : 1} 
2023-02-12 12:17:20,732 [worker-1] DEBUG middlewares.dev-middlewares - 
>>> {:remote-addr "0:0:0:0:0:0:0:1", :headers {"accept" "*/*", "accept-encoding" "gzip, deflate, br", "connection" "keep-alive", "content-length" "13", "content-type" "application/json", "host" "localhost:3000", "postman-token" "c5a9e35f-b69f-4e03-845c-c56a6fc873d3", "user-agent" "PostmanRuntime/7.30.1"}, :async-channel #object[org.httpkit.server.AsyncChannel 0x1033c1e9 "/[0:0:0:0:0:0:0:1]:3000<->/[0:0:0:0:0:0:0:1]:59672"], :server-port 3000, :content-length 13, :websocket? false, :content-type "application/json", :character-encoding "utf8", :uri "/", :server-name "localhost", :query-string nil, :body #object[org.httpkit.BytesInputStream 0x1ef43d9f "BytesInputStream[len=13]"], :scheme :http, :request-method :get}
-------
<<< {:status 200, :headers {"Content-Type" "text/html"}, :body "hello HTTP!"} 
